2024-08-12 09:21:21.208 [info] Extension host with pid 24515 started
2024-08-12 09:21:21.319 [info] ExtensionService#_doActivateExtension vscode.emmet, startup: false, activationEvent: 'onLanguage'
2024-08-12 09:21:22.326 [info] ExtensionService#_doActivateExtension vscode.git-base, startup: true, activationEvent: '*', root cause: vscode.git
2024-08-12 09:21:26.299 [info] Lock '/home/nvidia/.vscode-server/data/User/workspaceStorage/99759646b79699e7711276408d9d39e6/vscode.lock': Lock acquired.
2024-08-12 09:21:26.386 [info] ExtensionService#_doActivateExtension vscode.git, startup: true, activationEvent: '*'
2024-08-12 09:21:26.388 [info] ExtensionService#_doActivateExtension vscode.github, startup: true, activationEvent: '*'
2024-08-12 09:21:27.231 [info] Eager extensions activated
2024-08-12 09:21:27.232 [info] ExtensionService#_doActivateExtension vscode.debug-auto-launch, startup: false, activationEvent: 'onStartupFinished'
2024-08-12 09:21:27.234 [info] ExtensionService#_doActivateExtension vscode.merge-conflict, startup: false, activationEvent: 'onStartupFinished'
2024-08-12 09:43:30.739 [info] ExtensionService#_doActivateExtension ms-python.python, startup: false, activationEvent: 'onLanguage:python', root cause: ms-python.debugpy
2024-08-12 09:43:32.270 [info] ExtensionService#_doActivateExtension ms-python.debugpy, startup: false, activationEvent: 'onLanguage:python'
2024-08-12 09:43:32.271 [info] ExtensionService#_doActivateExtension ms-python.vscode-pylance, startup: false, activationEvent: 'onLanguage:python'
2024-08-12 09:47:22.130 [warning] [Decorations] CAPPING events from decorations provider vscode.git 10000
2024-08-12 09:47:26.754 [warning] [Decorations] CAPPING events from decorations provider vscode.git 10000
2024-08-12 09:47:31.264 [error] Error: No such branch: master.
	at N.getBranch (/home/nvidia/.vscode-server/cli/servers/Stable-eaa41d57266683296de7d118f574d0c2652e1fc4/server/extensions/git/dist/main.js:2:936645)
	at async T.retryRun (/home/nvidia/.vscode-server/cli/servers/Stable-eaa41d57266683296de7d118f574d0c2652e1fc4/server/extensions/git/dist/main.js:2:1032124)
	at async T.run (/home/nvidia/.vscode-server/cli/servers/Stable-eaa41d57266683296de7d118f574d0c2652e1fc4/server/extensions/git/dist/main.js:2:1031728)
	at async T.getBranch (/home/nvidia/.vscode-server/cli/servers/Stable-eaa41d57266683296de7d118f574d0c2652e1fc4/server/extensions/git/dist/main.js:2:1020077)
	at async T.getBranchBase (/home/nvidia/.vscode-server/cli/servers/Stable-eaa41d57266683296de7d118f574d0c2652e1fc4/server/extensions/git/dist/main.js:2:1020363)
	at async t.GitHistoryProvider.resolveHEADMergeBase (/home/nvidia/.vscode-server/cli/servers/Stable-eaa41d57266683296de7d118f574d0c2652e1fc4/server/extensions/git/dist/main.js:2:948043)
	at async t.GitHistoryProvider.onDidRunGitStatus (/home/nvidia/.vscode-server/cli/servers/Stable-eaa41d57266683296de7d118f574d0c2652e1fc4/server/extensions/git/dist/main.js:2:941421)
2024-08-12 09:47:32.259 [error] Error: No such branch: master.
	at N.getBranch (/home/nvidia/.vscode-server/cli/servers/Stable-eaa41d57266683296de7d118f574d0c2652e1fc4/server/extensions/git/dist/main.js:2:936645)
	at async T.retryRun (/home/nvidia/.vscode-server/cli/servers/Stable-eaa41d57266683296de7d118f574d0c2652e1fc4/server/extensions/git/dist/main.js:2:1032124)
	at async T.run (/home/nvidia/.vscode-server/cli/servers/Stable-eaa41d57266683296de7d118f574d0c2652e1fc4/server/extensions/git/dist/main.js:2:1031728)
	at async T.getBranch (/home/nvidia/.vscode-server/cli/servers/Stable-eaa41d57266683296de7d118f574d0c2652e1fc4/server/extensions/git/dist/main.js:2:1020077)
	at async T.getBranchBase (/home/nvidia/.vscode-server/cli/servers/Stable-eaa41d57266683296de7d118f574d0c2652e1fc4/server/extensions/git/dist/main.js:2:1020363)
	at async t.GitHistoryProvider.resolveHEADMergeBase (/home/nvidia/.vscode-server/cli/servers/Stable-eaa41d57266683296de7d118f574d0c2652e1fc4/server/extensions/git/dist/main.js:2:948043)
	at async t.GitHistoryProvider.onDidRunGitStatus (/home/nvidia/.vscode-server/cli/servers/Stable-eaa41d57266683296de7d118f574d0c2652e1fc4/server/extensions/git/dist/main.js:2:941421)
2024-08-12 09:58:42.469 [info] ExtensionService#_doActivateExtension vscode.npm, startup: false, activationEvent: 'onTerminalQuickFixRequest:ms-vscode.npm-command'
2024-08-12 09:58:43.772 [warning] [Decorations] CAPPING events from decorations provider vscode.git 10000
2024-08-12 09:58:48.734 [error] Error: No such branch: master.
	at N.getBranch (/home/nvidia/.vscode-server/cli/servers/Stable-eaa41d57266683296de7d118f574d0c2652e1fc4/server/extensions/git/dist/main.js:2:936645)
	at async T.retryRun (/home/nvidia/.vscode-server/cli/servers/Stable-eaa41d57266683296de7d118f574d0c2652e1fc4/server/extensions/git/dist/main.js:2:1032124)
	at async T.run (/home/nvidia/.vscode-server/cli/servers/Stable-eaa41d57266683296de7d118f574d0c2652e1fc4/server/extensions/git/dist/main.js:2:1031728)
	at async T.getBranch (/home/nvidia/.vscode-server/cli/servers/Stable-eaa41d57266683296de7d118f574d0c2652e1fc4/server/extensions/git/dist/main.js:2:1020077)
	at async T.getBranchBase (/home/nvidia/.vscode-server/cli/servers/Stable-eaa41d57266683296de7d118f574d0c2652e1fc4/server/extensions/git/dist/main.js:2:1020363)
	at async t.GitHistoryProvider.resolveHEADMergeBase (/home/nvidia/.vscode-server/cli/servers/Stable-eaa41d57266683296de7d118f574d0c2652e1fc4/server/extensions/git/dist/main.js:2:948043)
	at async t.GitHistoryProvider.onDidRunGitStatus (/home/nvidia/.vscode-server/cli/servers/Stable-eaa41d57266683296de7d118f574d0c2652e1fc4/server/extensions/git/dist/main.js:2:941421)
2024-08-12 09:59:34.919 [warning] [Decorations] CAPPING events from decorations provider vscode.git 10000
