2024-08-09 11:24:04.682 [info] Extension host with pid 13202 started
2024-08-09 11:24:04.682 [error] Error: EEXIST: file already exists, open '/home/nvidia/.vscode-server/data/User/workspaceStorage/99759646b79699e7711276408d9d39e6/vscode.lock'
2024-08-09 11:24:04.692 [info] Lock '/home/nvidia/.vscode-server/data/User/workspaceStorage/99759646b79699e7711276408d9d39e6/vscode.lock': Could not acquire lock, checking if the file is stale.
2024-08-09 11:24:04.818 [info] ExtensionService#_doActivateExtension vscode.git-base, startup: true, activationEvent: '*', root cause: vscode.git
2024-08-09 11:24:04.881 [info] Lock '/home/nvidia/.vscode-server/data/User/workspaceStorage/99759646b79699e7711276408d9d39e6/vscode.lock': The lock does not look stale, elapsed: 595 ms, giving up.
2024-08-09 11:24:04.940 [info] Lock '/home/nvidia/.vscode-server/data/User/workspaceStorage/99759646b79699e7711276408d9d39e6-1/vscode.lock': Lock acquired.
2024-08-09 11:24:05.034 [info] ExtensionService#_doActivateExtension vscode.git, startup: true, activationEvent: '*'
2024-08-09 11:24:05.036 [info] ExtensionService#_doActivateExtension vscode.github, startup: true, activationEvent: '*'
2024-08-09 11:24:05.835 [info] Eager extensions activated
2024-08-09 11:24:05.837 [info] ExtensionService#_doActivateExtension vscode.debug-auto-launch, startup: false, activationEvent: 'onStartupFinished'
2024-08-09 11:24:05.838 [info] ExtensionService#_doActivateExtension vscode.merge-conflict, startup: false, activationEvent: 'onStartupFinished'
2024-08-09 11:24:06.422 [info] ExtensionService#_doActivateExtension vscode.emmet, startup: false, activationEvent: 'onLanguage'
2024-08-09 17:44:47.660 [info] Extension host terminating: renderer disconnected for too long (1)
2024-08-09 17:44:47.666 [info] Lock '/home/nvidia/.vscode-server/data/User/workspaceStorage/99759646b79699e7711276408d9d39e6-1/vscode.lock': Marking the lockfile as scheduled to be released in 6000 ms.
2024-08-09 17:44:47.755 [error] Canceled: Canceled
	at new C (/home/nvidia/.vscode-server/cli/servers/Stable-eaa41d57266683296de7d118f574d0c2652e1fc4/server/out/vs/workbench/api/node/extensionHostProcess.js:144:35204)
	at y.U (/home/nvidia/.vscode-server/cli/servers/Stable-eaa41d57266683296de7d118f574d0c2652e1fc4/server/out/vs/workbench/api/node/extensionHostProcess.js:151:6017)
	at z.<computed>.j.charCodeAt.R.CharCode.DollarSign.z.<computed> (/home/nvidia/.vscode-server/cli/servers/Stable-eaa41d57266683296de7d118f574d0c2652e1fc4/server/out/vs/workbench/api/node/extensionHostProcess.js:151:3107)
	at d.g (/home/nvidia/.vscode-server/cli/servers/Stable-eaa41d57266683296de7d118f574d0c2652e1fc4/server/out/vs/workbench/api/node/extensionHostProcess.js:154:205942)
	at d.executeCommand (/home/nvidia/.vscode-server/cli/servers/Stable-eaa41d57266683296de7d118f574d0c2652e1fc4/server/out/vs/workbench/api/node/extensionHostProcess.js:154:205380)
	at A.registerCommand.description (/home/nvidia/.vscode-server/cli/servers/Stable-eaa41d57266683296de7d118f574d0c2652e1fc4/server/out/vs/workbench/api/node/extensionHostProcess.js:154:204704)
	at d.h (/home/nvidia/.vscode-server/cli/servers/Stable-eaa41d57266683296de7d118f574d0c2652e1fc4/server/out/vs/workbench/api/node/extensionHostProcess.js:154:206481)
	at d.g (/home/nvidia/.vscode-server/cli/servers/Stable-eaa41d57266683296de7d118f574d0c2652e1fc4/server/out/vs/workbench/api/node/extensionHostProcess.js:154:205473)
	at d.executeCommand (/home/nvidia/.vscode-server/cli/servers/Stable-eaa41d57266683296de7d118f574d0c2652e1fc4/server/out/vs/workbench/api/node/extensionHostProcess.js:154:205380)
	at Object.executeCommand (/home/nvidia/.vscode-server/cli/servers/Stable-eaa41d57266683296de7d118f574d0c2652e1fc4/server/out/vs/workbench/api/node/extensionHostProcess.js:164:23060)
	at i.O [as value] (/home/nvidia/.vscode-server/cli/servers/Stable-eaa41d57266683296de7d118f574d0c2652e1fc4/server/extensions/git/dist/main.js:2:951642)
	at n.B (/home/nvidia/.vscode-server/cli/servers/Stable-eaa41d57266683296de7d118f574d0c2652e1fc4/server/out/vs/workbench/api/node/extensionHostProcess.js:83:737)
	at n.C (/home/nvidia/.vscode-server/cli/servers/Stable-eaa41d57266683296de7d118f574d0c2652e1fc4/server/out/vs/workbench/api/node/extensionHostProcess.js:83:807)
	at n.fire (/home/nvidia/.vscode-server/cli/servers/Stable-eaa41d57266683296de7d118f574d0c2652e1fc4/server/out/vs/workbench/api/node/extensionHostProcess.js:83:1023)
	at Object.p [as dispose] (/home/nvidia/.vscode-server/cli/servers/Stable-eaa41d57266683296de7d118f574d0c2652e1fc4/server/extensions/git/dist/main.js:2:972220)
	at /home/nvidia/.vscode-server/cli/servers/Stable-eaa41d57266683296de7d118f574d0c2652e1fc4/server/extensions/git/dist/main.js:2:978342
	at Array.forEach (<anonymous>)
	at f.dispose (/home/nvidia/.vscode-server/cli/servers/Stable-eaa41d57266683296de7d118f574d0c2652e1fc4/server/extensions/git/dist/main.js:2:978328)
	at a.<anonymous> (/home/nvidia/.vscode-server/cli/servers/Stable-eaa41d57266683296de7d118f574d0c2652e1fc4/server/out/vs/workbench/api/node/extensionHostProcess.js:152:4173)
	at a.dispose (/home/nvidia/.vscode-server/cli/servers/Stable-eaa41d57266683296de7d118f574d0c2652e1fc4/server/out/vs/workbench/api/node/extensionHostProcess.js:152:4270)
	at a.<anonymous> (/home/nvidia/.vscode-server/cli/servers/Stable-eaa41d57266683296de7d118f574d0c2652e1fc4/server/extensions/git/dist/main.js:2:953940)
	at a.dispose (/home/nvidia/.vscode-server/cli/servers/Stable-eaa41d57266683296de7d118f574d0c2652e1fc4/server/out/vs/workbench/api/node/extensionHostProcess.js:152:4270)
	at $ (/home/nvidia/.vscode-server/cli/servers/Stable-eaa41d57266683296de7d118f574d0c2652e1fc4/server/out/vs/workbench/api/node/extensionHostProcess.js:30:744)
	at /home/nvidia/.vscode-server/cli/servers/Stable-eaa41d57266683296de7d118f574d0c2652e1fc4/server/out/vs/workbench/api/node/extensionHostProcess.js:160:13379
	at /home/nvidia/.vscode-server/cli/servers/Stable-eaa41d57266683296de7d118f574d0c2652e1fc4/server/out/vs/workbench/api/node/extensionHostProcess.js:30:1112
	at Object.dispose (/home/nvidia/.vscode-server/cli/servers/Stable-eaa41d57266683296de7d118f574d0c2652e1fc4/server/out/vs/workbench/api/node/extensionHostProcess.js:11:11354)
	at m.eb (/home/nvidia/.vscode-server/cli/servers/Stable-eaa41d57266683296de7d118f574d0c2652e1fc4/server/out/vs/workbench/api/node/extensionHostProcess.js:160:10056)
	at /home/nvidia/.vscode-server/cli/servers/Stable-eaa41d57266683296de7d118f574d0c2652e1fc4/server/out/vs/workbench/api/node/extensionHostProcess.js:160:7927
	at Array.map (<anonymous>)
	at m.$ (/home/nvidia/.vscode-server/cli/servers/Stable-eaa41d57266683296de7d118f574d0c2652e1fc4/server/out/vs/workbench/api/node/extensionHostProcess.js:160:7914)
	at m.terminate (/home/nvidia/.vscode-server/cli/servers/Stable-eaa41d57266683296de7d118f574d0c2652e1fc4/server/out/vs/workbench/api/node/extensionHostProcess.js:160:8187)
	at $.terminate (/home/nvidia/.vscode-server/cli/servers/Stable-eaa41d57266683296de7d118f574d0c2652e1fc4/server/out/vs/workbench/api/node/extensionHostProcess.js:164:1513)
	at o (/home/nvidia/.vscode-server/cli/servers/Stable-eaa41d57266683296de7d118f574d0c2652e1fc4/server/out/vs/workbench/api/node/extensionHostProcess.js:177:10633)
	at j.a (/home/nvidia/.vscode-server/cli/servers/Stable-eaa41d57266683296de7d118f574d0c2652e1fc4/server/out/vs/workbench/api/node/extensionHostProcess.js:177:7238)
	at j.h (/home/nvidia/.vscode-server/cli/servers/Stable-eaa41d57266683296de7d118f574d0c2652e1fc4/server/out/vs/workbench/api/node/extensionHostProcess.js:87:21483)
	at listOnTimeout (node:internal/timers:573:17)
	at process.processTimers (node:internal/timers:514:7) setContext undefined
2024-08-09 17:44:47.756 [error] Canceled: Canceled
	at new C (/home/nvidia/.vscode-server/cli/servers/Stable-eaa41d57266683296de7d118f574d0c2652e1fc4/server/out/vs/workbench/api/node/extensionHostProcess.js:144:35204)
	at y.U (/home/nvidia/.vscode-server/cli/servers/Stable-eaa41d57266683296de7d118f574d0c2652e1fc4/server/out/vs/workbench/api/node/extensionHostProcess.js:151:6017)
	at z.<computed>.j.charCodeAt.R.CharCode.DollarSign.z.<computed> (/home/nvidia/.vscode-server/cli/servers/Stable-eaa41d57266683296de7d118f574d0c2652e1fc4/server/out/vs/workbench/api/node/extensionHostProcess.js:151:3107)
	at d.g (/home/nvidia/.vscode-server/cli/servers/Stable-eaa41d57266683296de7d118f574d0c2652e1fc4/server/out/vs/workbench/api/node/extensionHostProcess.js:154:205942)
	at d.executeCommand (/home/nvidia/.vscode-server/cli/servers/Stable-eaa41d57266683296de7d118f574d0c2652e1fc4/server/out/vs/workbench/api/node/extensionHostProcess.js:154:205380)
	at A.registerCommand.description (/home/nvidia/.vscode-server/cli/servers/Stable-eaa41d57266683296de7d118f574d0c2652e1fc4/server/out/vs/workbench/api/node/extensionHostProcess.js:154:204704)
	at d.h (/home/nvidia/.vscode-server/cli/servers/Stable-eaa41d57266683296de7d118f574d0c2652e1fc4/server/out/vs/workbench/api/node/extensionHostProcess.js:154:206481)
	at d.g (/home/nvidia/.vscode-server/cli/servers/Stable-eaa41d57266683296de7d118f574d0c2652e1fc4/server/out/vs/workbench/api/node/extensionHostProcess.js:154:205473)
	at d.executeCommand (/home/nvidia/.vscode-server/cli/servers/Stable-eaa41d57266683296de7d118f574d0c2652e1fc4/server/out/vs/workbench/api/node/extensionHostProcess.js:154:205380)
	at Object.executeCommand (/home/nvidia/.vscode-server/cli/servers/Stable-eaa41d57266683296de7d118f574d0c2652e1fc4/server/out/vs/workbench/api/node/extensionHostProcess.js:164:23060)
	at i.O [as value] (/home/nvidia/.vscode-server/cli/servers/Stable-eaa41d57266683296de7d118f574d0c2652e1fc4/server/extensions/git/dist/main.js:2:951642)
	at n.B (/home/nvidia/.vscode-server/cli/servers/Stable-eaa41d57266683296de7d118f574d0c2652e1fc4/server/out/vs/workbench/api/node/extensionHostProcess.js:83:737)
	at n.C (/home/nvidia/.vscode-server/cli/servers/Stable-eaa41d57266683296de7d118f574d0c2652e1fc4/server/out/vs/workbench/api/node/extensionHostProcess.js:83:807)
	at n.fire (/home/nvidia/.vscode-server/cli/servers/Stable-eaa41d57266683296de7d118f574d0c2652e1fc4/server/out/vs/workbench/api/node/extensionHostProcess.js:83:1023)
	at Object.p [as dispose] (/home/nvidia/.vscode-server/cli/servers/Stable-eaa41d57266683296de7d118f574d0c2652e1fc4/server/extensions/git/dist/main.js:2:972220)
	at /home/nvidia/.vscode-server/cli/servers/Stable-eaa41d57266683296de7d118f574d0c2652e1fc4/server/extensions/git/dist/main.js:2:978342
	at Array.forEach (<anonymous>)
	at f.dispose (/home/nvidia/.vscode-server/cli/servers/Stable-eaa41d57266683296de7d118f574d0c2652e1fc4/server/extensions/git/dist/main.js:2:978328)
	at a.<anonymous> (/home/nvidia/.vscode-server/cli/servers/Stable-eaa41d57266683296de7d118f574d0c2652e1fc4/server/out/vs/workbench/api/node/extensionHostProcess.js:152:4173)
	at a.dispose (/home/nvidia/.vscode-server/cli/servers/Stable-eaa41d57266683296de7d118f574d0c2652e1fc4/server/out/vs/workbench/api/node/extensionHostProcess.js:152:4270)
	at a.<anonymous> (/home/nvidia/.vscode-server/cli/servers/Stable-eaa41d57266683296de7d118f574d0c2652e1fc4/server/extensions/git/dist/main.js:2:953940)
	at a.dispose (/home/nvidia/.vscode-server/cli/servers/Stable-eaa41d57266683296de7d118f574d0c2652e1fc4/server/out/vs/workbench/api/node/extensionHostProcess.js:152:4270)
	at $ (/home/nvidia/.vscode-server/cli/servers/Stable-eaa41d57266683296de7d118f574d0c2652e1fc4/server/out/vs/workbench/api/node/extensionHostProcess.js:30:744)
	at /home/nvidia/.vscode-server/cli/servers/Stable-eaa41d57266683296de7d118f574d0c2652e1fc4/server/out/vs/workbench/api/node/extensionHostProcess.js:160:13379
	at /home/nvidia/.vscode-server/cli/servers/Stable-eaa41d57266683296de7d118f574d0c2652e1fc4/server/out/vs/workbench/api/node/extensionHostProcess.js:30:1112
	at Object.dispose (/home/nvidia/.vscode-server/cli/servers/Stable-eaa41d57266683296de7d118f574d0c2652e1fc4/server/out/vs/workbench/api/node/extensionHostProcess.js:11:11354)
	at m.eb (/home/nvidia/.vscode-server/cli/servers/Stable-eaa41d57266683296de7d118f574d0c2652e1fc4/server/out/vs/workbench/api/node/extensionHostProcess.js:160:10056)
	at /home/nvidia/.vscode-server/cli/servers/Stable-eaa41d57266683296de7d118f574d0c2652e1fc4/server/out/vs/workbench/api/node/extensionHostProcess.js:160:7927
	at Array.map (<anonymous>)
	at m.$ (/home/nvidia/.vscode-server/cli/servers/Stable-eaa41d57266683296de7d118f574d0c2652e1fc4/server/out/vs/workbench/api/node/extensionHostProcess.js:160:7914)
	at m.terminate (/home/nvidia/.vscode-server/cli/servers/Stable-eaa41d57266683296de7d118f574d0c2652e1fc4/server/out/vs/workbench/api/node/extensionHostProcess.js:160:8187)
	at $.terminate (/home/nvidia/.vscode-server/cli/servers/Stable-eaa41d57266683296de7d118f574d0c2652e1fc4/server/out/vs/workbench/api/node/extensionHostProcess.js:164:1513)
	at o (/home/nvidia/.vscode-server/cli/servers/Stable-eaa41d57266683296de7d118f574d0c2652e1fc4/server/out/vs/workbench/api/node/extensionHostProcess.js:177:10633)
	at j.a (/home/nvidia/.vscode-server/cli/servers/Stable-eaa41d57266683296de7d118f574d0c2652e1fc4/server/out/vs/workbench/api/node/extensionHostProcess.js:177:7238)
	at j.h (/home/nvidia/.vscode-server/cli/servers/Stable-eaa41d57266683296de7d118f574d0c2652e1fc4/server/out/vs/workbench/api/node/extensionHostProcess.js:87:21483)
	at listOnTimeout (node:internal/timers:573:17)
	at process.processTimers (node:internal/timers:514:7) setContext undefined
2024-08-09 17:44:47.756 [error] Canceled: Canceled
	at new C (/home/nvidia/.vscode-server/cli/servers/Stable-eaa41d57266683296de7d118f574d0c2652e1fc4/server/out/vs/workbench/api/node/extensionHostProcess.js:144:35204)
	at y.U (/home/nvidia/.vscode-server/cli/servers/Stable-eaa41d57266683296de7d118f574d0c2652e1fc4/server/out/vs/workbench/api/node/extensionHostProcess.js:151:6017)
	at z.<computed>.j.charCodeAt.R.CharCode.DollarSign.z.<computed> (/home/nvidia/.vscode-server/cli/servers/Stable-eaa41d57266683296de7d118f574d0c2652e1fc4/server/out/vs/workbench/api/node/extensionHostProcess.js:151:3107)
	at d.g (/home/nvidia/.vscode-server/cli/servers/Stable-eaa41d57266683296de7d118f574d0c2652e1fc4/server/out/vs/workbench/api/node/extensionHostProcess.js:154:205942)
	at d.executeCommand (/home/nvidia/.vscode-server/cli/servers/Stable-eaa41d57266683296de7d118f574d0c2652e1fc4/server/out/vs/workbench/api/node/extensionHostProcess.js:154:205380)
	at A.registerCommand.description (/home/nvidia/.vscode-server/cli/servers/Stable-eaa41d57266683296de7d118f574d0c2652e1fc4/server/out/vs/workbench/api/node/extensionHostProcess.js:154:204704)
	at d.h (/home/nvidia/.vscode-server/cli/servers/Stable-eaa41d57266683296de7d118f574d0c2652e1fc4/server/out/vs/workbench/api/node/extensionHostProcess.js:154:206481)
	at d.g (/home/nvidia/.vscode-server/cli/servers/Stable-eaa41d57266683296de7d118f574d0c2652e1fc4/server/out/vs/workbench/api/node/extensionHostProcess.js:154:205473)
	at d.executeCommand (/home/nvidia/.vscode-server/cli/servers/Stable-eaa41d57266683296de7d118f574d0c2652e1fc4/server/out/vs/workbench/api/node/extensionHostProcess.js:154:205380)
	at Object.executeCommand (/home/nvidia/.vscode-server/cli/servers/Stable-eaa41d57266683296de7d118f574d0c2652e1fc4/server/out/vs/workbench/api/node/extensionHostProcess.js:164:23060)
	at i.O [as value] (/home/nvidia/.vscode-server/cli/servers/Stable-eaa41d57266683296de7d118f574d0c2652e1fc4/server/extensions/git/dist/main.js:2:951642)
	at n.B (/home/nvidia/.vscode-server/cli/servers/Stable-eaa41d57266683296de7d118f574d0c2652e1fc4/server/out/vs/workbench/api/node/extensionHostProcess.js:83:737)
	at n.C (/home/nvidia/.vscode-server/cli/servers/Stable-eaa41d57266683296de7d118f574d0c2652e1fc4/server/out/vs/workbench/api/node/extensionHostProcess.js:83:807)
	at n.fire (/home/nvidia/.vscode-server/cli/servers/Stable-eaa41d57266683296de7d118f574d0c2652e1fc4/server/out/vs/workbench/api/node/extensionHostProcess.js:83:1023)
	at Object.p [as dispose] (/home/nvidia/.vscode-server/cli/servers/Stable-eaa41d57266683296de7d118f574d0c2652e1fc4/server/extensions/git/dist/main.js:2:972220)
	at /home/nvidia/.vscode-server/cli/servers/Stable-eaa41d57266683296de7d118f574d0c2652e1fc4/server/extensions/git/dist/main.js:2:978342
	at Array.forEach (<anonymous>)
	at f.dispose (/home/nvidia/.vscode-server/cli/servers/Stable-eaa41d57266683296de7d118f574d0c2652e1fc4/server/extensions/git/dist/main.js:2:978328)
	at a.<anonymous> (/home/nvidia/.vscode-server/cli/servers/Stable-eaa41d57266683296de7d118f574d0c2652e1fc4/server/out/vs/workbench/api/node/extensionHostProcess.js:152:4173)
	at a.dispose (/home/nvidia/.vscode-server/cli/servers/Stable-eaa41d57266683296de7d118f574d0c2652e1fc4/server/out/vs/workbench/api/node/extensionHostProcess.js:152:4270)
	at a.<anonymous> (/home/nvidia/.vscode-server/cli/servers/Stable-eaa41d57266683296de7d118f574d0c2652e1fc4/server/extensions/git/dist/main.js:2:953940)
	at a.dispose (/home/nvidia/.vscode-server/cli/servers/Stable-eaa41d57266683296de7d118f574d0c2652e1fc4/server/out/vs/workbench/api/node/extensionHostProcess.js:152:4270)
	at $ (/home/nvidia/.vscode-server/cli/servers/Stable-eaa41d57266683296de7d118f574d0c2652e1fc4/server/out/vs/workbench/api/node/extensionHostProcess.js:30:744)
	at /home/nvidia/.vscode-server/cli/servers/Stable-eaa41d57266683296de7d118f574d0c2652e1fc4/server/out/vs/workbench/api/node/extensionHostProcess.js:160:13379
	at /home/nvidia/.vscode-server/cli/servers/Stable-eaa41d57266683296de7d118f574d0c2652e1fc4/server/out/vs/workbench/api/node/extensionHostProcess.js:30:1112
	at Object.dispose (/home/nvidia/.vscode-server/cli/servers/Stable-eaa41d57266683296de7d118f574d0c2652e1fc4/server/out/vs/workbench/api/node/extensionHostProcess.js:11:11354)
	at m.eb (/home/nvidia/.vscode-server/cli/servers/Stable-eaa41d57266683296de7d118f574d0c2652e1fc4/server/out/vs/workbench/api/node/extensionHostProcess.js:160:10056)
	at /home/nvidia/.vscode-server/cli/servers/Stable-eaa41d57266683296de7d118f574d0c2652e1fc4/server/out/vs/workbench/api/node/extensionHostProcess.js:160:7927
	at Array.map (<anonymous>)
	at m.$ (/home/nvidia/.vscode-server/cli/servers/Stable-eaa41d57266683296de7d118f574d0c2652e1fc4/server/out/vs/workbench/api/node/extensionHostProcess.js:160:7914)
	at m.terminate (/home/nvidia/.vscode-server/cli/servers/Stable-eaa41d57266683296de7d118f574d0c2652e1fc4/server/out/vs/workbench/api/node/extensionHostProcess.js:160:8187)
	at $.terminate (/home/nvidia/.vscode-server/cli/servers/Stable-eaa41d57266683296de7d118f574d0c2652e1fc4/server/out/vs/workbench/api/node/extensionHostProcess.js:164:1513)
	at o (/home/nvidia/.vscode-server/cli/servers/Stable-eaa41d57266683296de7d118f574d0c2652e1fc4/server/out/vs/workbench/api/node/extensionHostProcess.js:177:10633)
	at j.a (/home/nvidia/.vscode-server/cli/servers/Stable-eaa41d57266683296de7d118f574d0c2652e1fc4/server/out/vs/workbench/api/node/extensionHostProcess.js:177:7238)
	at j.h (/home/nvidia/.vscode-server/cli/servers/Stable-eaa41d57266683296de7d118f574d0c2652e1fc4/server/out/vs/workbench/api/node/extensionHostProcess.js:87:21483)
	at listOnTimeout (node:internal/timers:573:17)
	at process.processTimers (node:internal/timers:514:7) setContext undefined
2024-08-09 17:44:47.757 [error] Canceled: Canceled
	at new C (/home/nvidia/.vscode-server/cli/servers/Stable-eaa41d57266683296de7d118f574d0c2652e1fc4/server/out/vs/workbench/api/node/extensionHostProcess.js:144:35204)
	at y.U (/home/nvidia/.vscode-server/cli/servers/Stable-eaa41d57266683296de7d118f574d0c2652e1fc4/server/out/vs/workbench/api/node/extensionHostProcess.js:151:6017)
	at z.<computed>.j.charCodeAt.R.CharCode.DollarSign.z.<computed> (/home/nvidia/.vscode-server/cli/servers/Stable-eaa41d57266683296de7d118f574d0c2652e1fc4/server/out/vs/workbench/api/node/extensionHostProcess.js:151:3107)
	at d.g (/home/nvidia/.vscode-server/cli/servers/Stable-eaa41d57266683296de7d118f574d0c2652e1fc4/server/out/vs/workbench/api/node/extensionHostProcess.js:154:205942)
	at d.executeCommand (/home/nvidia/.vscode-server/cli/servers/Stable-eaa41d57266683296de7d118f574d0c2652e1fc4/server/out/vs/workbench/api/node/extensionHostProcess.js:154:205380)
	at A.registerCommand.description (/home/nvidia/.vscode-server/cli/servers/Stable-eaa41d57266683296de7d118f574d0c2652e1fc4/server/out/vs/workbench/api/node/extensionHostProcess.js:154:204704)
	at d.h (/home/nvidia/.vscode-server/cli/servers/Stable-eaa41d57266683296de7d118f574d0c2652e1fc4/server/out/vs/workbench/api/node/extensionHostProcess.js:154:206481)
	at d.g (/home/nvidia/.vscode-server/cli/servers/Stable-eaa41d57266683296de7d118f574d0c2652e1fc4/server/out/vs/workbench/api/node/extensionHostProcess.js:154:205473)
	at d.executeCommand (/home/nvidia/.vscode-server/cli/servers/Stable-eaa41d57266683296de7d118f574d0c2652e1fc4/server/out/vs/workbench/api/node/extensionHostProcess.js:154:205380)
	at Object.executeCommand (/home/nvidia/.vscode-server/cli/servers/Stable-eaa41d57266683296de7d118f574d0c2652e1fc4/server/out/vs/workbench/api/node/extensionHostProcess.js:164:23060)
	at i.O [as value] (/home/nvidia/.vscode-server/cli/servers/Stable-eaa41d57266683296de7d118f574d0c2652e1fc4/server/extensions/git/dist/main.js:2:951642)
	at n.B (/home/nvidia/.vscode-server/cli/servers/Stable-eaa41d57266683296de7d118f574d0c2652e1fc4/server/out/vs/workbench/api/node/extensionHostProcess.js:83:737)
	at n.C (/home/nvidia/.vscode-server/cli/servers/Stable-eaa41d57266683296de7d118f574d0c2652e1fc4/server/out/vs/workbench/api/node/extensionHostProcess.js:83:807)
	at n.fire (/home/nvidia/.vscode-server/cli/servers/Stable-eaa41d57266683296de7d118f574d0c2652e1fc4/server/out/vs/workbench/api/node/extensionHostProcess.js:83:1023)
	at Object.p [as dispose] (/home/nvidia/.vscode-server/cli/servers/Stable-eaa41d57266683296de7d118f574d0c2652e1fc4/server/extensions/git/dist/main.js:2:972220)
	at /home/nvidia/.vscode-server/cli/servers/Stable-eaa41d57266683296de7d118f574d0c2652e1fc4/server/extensions/git/dist/main.js:2:978342
	at Array.forEach (<anonymous>)
	at f.dispose (/home/nvidia/.vscode-server/cli/servers/Stable-eaa41d57266683296de7d118f574d0c2652e1fc4/server/extensions/git/dist/main.js:2:978328)
	at a.<anonymous> (/home/nvidia/.vscode-server/cli/servers/Stable-eaa41d57266683296de7d118f574d0c2652e1fc4/server/out/vs/workbench/api/node/extensionHostProcess.js:152:4173)
	at a.dispose (/home/nvidia/.vscode-server/cli/servers/Stable-eaa41d57266683296de7d118f574d0c2652e1fc4/server/out/vs/workbench/api/node/extensionHostProcess.js:152:4270)
	at a.<anonymous> (/home/nvidia/.vscode-server/cli/servers/Stable-eaa41d57266683296de7d118f574d0c2652e1fc4/server/extensions/git/dist/main.js:2:953940)
	at a.dispose (/home/nvidia/.vscode-server/cli/servers/Stable-eaa41d57266683296de7d118f574d0c2652e1fc4/server/out/vs/workbench/api/node/extensionHostProcess.js:152:4270)
	at $ (/home/nvidia/.vscode-server/cli/servers/Stable-eaa41d57266683296de7d118f574d0c2652e1fc4/server/out/vs/workbench/api/node/extensionHostProcess.js:30:744)
	at /home/nvidia/.vscode-server/cli/servers/Stable-eaa41d57266683296de7d118f574d0c2652e1fc4/server/out/vs/workbench/api/node/extensionHostProcess.js:160:13379
	at /home/nvidia/.vscode-server/cli/servers/Stable-eaa41d57266683296de7d118f574d0c2652e1fc4/server/out/vs/workbench/api/node/extensionHostProcess.js:30:1112
	at Object.dispose (/home/nvidia/.vscode-server/cli/servers/Stable-eaa41d57266683296de7d118f574d0c2652e1fc4/server/out/vs/workbench/api/node/extensionHostProcess.js:11:11354)
	at m.eb (/home/nvidia/.vscode-server/cli/servers/Stable-eaa41d57266683296de7d118f574d0c2652e1fc4/server/out/vs/workbench/api/node/extensionHostProcess.js:160:10056)
	at /home/nvidia/.vscode-server/cli/servers/Stable-eaa41d57266683296de7d118f574d0c2652e1fc4/server/out/vs/workbench/api/node/extensionHostProcess.js:160:7927
	at Array.map (<anonymous>)
	at m.$ (/home/nvidia/.vscode-server/cli/servers/Stable-eaa41d57266683296de7d118f574d0c2652e1fc4/server/out/vs/workbench/api/node/extensionHostProcess.js:160:7914)
	at m.terminate (/home/nvidia/.vscode-server/cli/servers/Stable-eaa41d57266683296de7d118f574d0c2652e1fc4/server/out/vs/workbench/api/node/extensionHostProcess.js:160:8187)
	at $.terminate (/home/nvidia/.vscode-server/cli/servers/Stable-eaa41d57266683296de7d118f574d0c2652e1fc4/server/out/vs/workbench/api/node/extensionHostProcess.js:164:1513)
	at o (/home/nvidia/.vscode-server/cli/servers/Stable-eaa41d57266683296de7d118f574d0c2652e1fc4/server/out/vs/workbench/api/node/extensionHostProcess.js:177:10633)
	at j.a (/home/nvidia/.vscode-server/cli/servers/Stable-eaa41d57266683296de7d118f574d0c2652e1fc4/server/out/vs/workbench/api/node/extensionHostProcess.js:177:7238)
	at j.h (/home/nvidia/.vscode-server/cli/servers/Stable-eaa41d57266683296de7d118f574d0c2652e1fc4/server/out/vs/workbench/api/node/extensionHostProcess.js:87:21483)
	at listOnTimeout (node:internal/timers:573:17)
	at process.processTimers (node:internal/timers:514:7) setContext undefined
2024-08-09 17:44:47.758 [error] Canceled: Canceled
	at new C (/home/nvidia/.vscode-server/cli/servers/Stable-eaa41d57266683296de7d118f574d0c2652e1fc4/server/out/vs/workbench/api/node/extensionHostProcess.js:144:35204)
	at y.U (/home/nvidia/.vscode-server/cli/servers/Stable-eaa41d57266683296de7d118f574d0c2652e1fc4/server/out/vs/workbench/api/node/extensionHostProcess.js:151:6017)
	at z.<computed>.j.charCodeAt.R.CharCode.DollarSign.z.<computed> (/home/nvidia/.vscode-server/cli/servers/Stable-eaa41d57266683296de7d118f574d0c2652e1fc4/server/out/vs/workbench/api/node/extensionHostProcess.js:151:3107)
	at d.g (/home/nvidia/.vscode-server/cli/servers/Stable-eaa41d57266683296de7d118f574d0c2652e1fc4/server/out/vs/workbench/api/node/extensionHostProcess.js:154:205942)
	at d.executeCommand (/home/nvidia/.vscode-server/cli/servers/Stable-eaa41d57266683296de7d118f574d0c2652e1fc4/server/out/vs/workbench/api/node/extensionHostProcess.js:154:205380)
	at A.registerCommand.description (/home/nvidia/.vscode-server/cli/servers/Stable-eaa41d57266683296de7d118f574d0c2652e1fc4/server/out/vs/workbench/api/node/extensionHostProcess.js:154:204704)
	at d.h (/home/nvidia/.vscode-server/cli/servers/Stable-eaa41d57266683296de7d118f574d0c2652e1fc4/server/out/vs/workbench/api/node/extensionHostProcess.js:154:206481)
	at d.g (/home/nvidia/.vscode-server/cli/servers/Stable-eaa41d57266683296de7d118f574d0c2652e1fc4/server/out/vs/workbench/api/node/extensionHostProcess.js:154:205473)
	at d.executeCommand (/home/nvidia/.vscode-server/cli/servers/Stable-eaa41d57266683296de7d118f574d0c2652e1fc4/server/out/vs/workbench/api/node/extensionHostProcess.js:154:205380)
	at Object.executeCommand (/home/nvidia/.vscode-server/cli/servers/Stable-eaa41d57266683296de7d118f574d0c2652e1fc4/server/out/vs/workbench/api/node/extensionHostProcess.js:164:23060)
	at i.O [as value] (/home/nvidia/.vscode-server/cli/servers/Stable-eaa41d57266683296de7d118f574d0c2652e1fc4/server/extensions/git/dist/main.js:2:951642)
	at n.B (/home/nvidia/.vscode-server/cli/servers/Stable-eaa41d57266683296de7d118f574d0c2652e1fc4/server/out/vs/workbench/api/node/extensionHostProcess.js:83:737)
	at n.C (/home/nvidia/.vscode-server/cli/servers/Stable-eaa41d57266683296de7d118f574d0c2652e1fc4/server/out/vs/workbench/api/node/extensionHostProcess.js:83:807)
	at n.fire (/home/nvidia/.vscode-server/cli/servers/Stable-eaa41d57266683296de7d118f574d0c2652e1fc4/server/out/vs/workbench/api/node/extensionHostProcess.js:83:1023)
	at Object.p [as dispose] (/home/nvidia/.vscode-server/cli/servers/Stable-eaa41d57266683296de7d118f574d0c2652e1fc4/server/extensions/git/dist/main.js:2:972220)
	at /home/nvidia/.vscode-server/cli/servers/Stable-eaa41d57266683296de7d118f574d0c2652e1fc4/server/extensions/git/dist/main.js:2:978342
	at Array.forEach (<anonymous>)
	at f.dispose (/home/nvidia/.vscode-server/cli/servers/Stable-eaa41d57266683296de7d118f574d0c2652e1fc4/server/extensions/git/dist/main.js:2:978328)
	at a.<anonymous> (/home/nvidia/.vscode-server/cli/servers/Stable-eaa41d57266683296de7d118f574d0c2652e1fc4/server/out/vs/workbench/api/node/extensionHostProcess.js:152:4173)
	at a.dispose (/home/nvidia/.vscode-server/cli/servers/Stable-eaa41d57266683296de7d118f574d0c2652e1fc4/server/out/vs/workbench/api/node/extensionHostProcess.js:152:4270)
	at a.<anonymous> (/home/nvidia/.vscode-server/cli/servers/Stable-eaa41d57266683296de7d118f574d0c2652e1fc4/server/extensions/git/dist/main.js:2:953940)
	at a.dispose (/home/nvidia/.vscode-server/cli/servers/Stable-eaa41d57266683296de7d118f574d0c2652e1fc4/server/out/vs/workbench/api/node/extensionHostProcess.js:152:4270)
	at $ (/home/nvidia/.vscode-server/cli/servers/Stable-eaa41d57266683296de7d118f574d0c2652e1fc4/server/out/vs/workbench/api/node/extensionHostProcess.js:30:744)
	at /home/nvidia/.vscode-server/cli/servers/Stable-eaa41d57266683296de7d118f574d0c2652e1fc4/server/out/vs/workbench/api/node/extensionHostProcess.js:160:13379
	at /home/nvidia/.vscode-server/cli/servers/Stable-eaa41d57266683296de7d118f574d0c2652e1fc4/server/out/vs/workbench/api/node/extensionHostProcess.js:30:1112
	at Object.dispose (/home/nvidia/.vscode-server/cli/servers/Stable-eaa41d57266683296de7d118f574d0c2652e1fc4/server/out/vs/workbench/api/node/extensionHostProcess.js:11:11354)
	at m.eb (/home/nvidia/.vscode-server/cli/servers/Stable-eaa41d57266683296de7d118f574d0c2652e1fc4/server/out/vs/workbench/api/node/extensionHostProcess.js:160:10056)
	at /home/nvidia/.vscode-server/cli/servers/Stable-eaa41d57266683296de7d118f574d0c2652e1fc4/server/out/vs/workbench/api/node/extensionHostProcess.js:160:7927
	at Array.map (<anonymous>)
	at m.$ (/home/nvidia/.vscode-server/cli/servers/Stable-eaa41d57266683296de7d118f574d0c2652e1fc4/server/out/vs/workbench/api/node/extensionHostProcess.js:160:7914)
	at m.terminate (/home/nvidia/.vscode-server/cli/servers/Stable-eaa41d57266683296de7d118f574d0c2652e1fc4/server/out/vs/workbench/api/node/extensionHostProcess.js:160:8187)
	at $.terminate (/home/nvidia/.vscode-server/cli/servers/Stable-eaa41d57266683296de7d118f574d0c2652e1fc4/server/out/vs/workbench/api/node/extensionHostProcess.js:164:1513)
	at o (/home/nvidia/.vscode-server/cli/servers/Stable-eaa41d57266683296de7d118f574d0c2652e1fc4/server/out/vs/workbench/api/node/extensionHostProcess.js:177:10633)
	at j.a (/home/nvidia/.vscode-server/cli/servers/Stable-eaa41d57266683296de7d118f574d0c2652e1fc4/server/out/vs/workbench/api/node/extensionHostProcess.js:177:7238)
	at j.h (/home/nvidia/.vscode-server/cli/servers/Stable-eaa41d57266683296de7d118f574d0c2652e1fc4/server/out/vs/workbench/api/node/extensionHostProcess.js:87:21483)
	at listOnTimeout (node:internal/timers:573:17)
	at process.processTimers (node:internal/timers:514:7) setContext undefined
2024-08-09 17:44:47.761 [error] Canceled: Canceled
	at new C (/home/nvidia/.vscode-server/cli/servers/Stable-eaa41d57266683296de7d118f574d0c2652e1fc4/server/out/vs/workbench/api/node/extensionHostProcess.js:144:35204)
	at y.U (/home/nvidia/.vscode-server/cli/servers/Stable-eaa41d57266683296de7d118f574d0c2652e1fc4/server/out/vs/workbench/api/node/extensionHostProcess.js:151:6017)
	at z.<computed>.j.charCodeAt.R.CharCode.DollarSign.z.<computed> (/home/nvidia/.vscode-server/cli/servers/Stable-eaa41d57266683296de7d118f574d0c2652e1fc4/server/out/vs/workbench/api/node/extensionHostProcess.js:151:3107)
	at d.g (/home/nvidia/.vscode-server/cli/servers/Stable-eaa41d57266683296de7d118f574d0c2652e1fc4/server/out/vs/workbench/api/node/extensionHostProcess.js:154:205942)
	at d.executeCommand (/home/nvidia/.vscode-server/cli/servers/Stable-eaa41d57266683296de7d118f574d0c2652e1fc4/server/out/vs/workbench/api/node/extensionHostProcess.js:154:205380)
	at A.registerCommand.description (/home/nvidia/.vscode-server/cli/servers/Stable-eaa41d57266683296de7d118f574d0c2652e1fc4/server/out/vs/workbench/api/node/extensionHostProcess.js:154:204704)
	at d.h (/home/nvidia/.vscode-server/cli/servers/Stable-eaa41d57266683296de7d118f574d0c2652e1fc4/server/out/vs/workbench/api/node/extensionHostProcess.js:154:206481)
	at d.g (/home/nvidia/.vscode-server/cli/servers/Stable-eaa41d57266683296de7d118f574d0c2652e1fc4/server/out/vs/workbench/api/node/extensionHostProcess.js:154:205473)
	at d.executeCommand (/home/nvidia/.vscode-server/cli/servers/Stable-eaa41d57266683296de7d118f574d0c2652e1fc4/server/out/vs/workbench/api/node/extensionHostProcess.js:154:205380)
	at Object.executeCommand (/home/nvidia/.vscode-server/cli/servers/Stable-eaa41d57266683296de7d118f574d0c2652e1fc4/server/out/vs/workbench/api/node/extensionHostProcess.js:164:23060)
	at i.O [as value] (/home/nvidia/.vscode-server/cli/servers/Stable-eaa41d57266683296de7d118f574d0c2652e1fc4/server/extensions/git/dist/main.js:2:951642)
	at n.B (/home/nvidia/.vscode-server/cli/servers/Stable-eaa41d57266683296de7d118f574d0c2652e1fc4/server/out/vs/workbench/api/node/extensionHostProcess.js:83:737)
	at n.C (/home/nvidia/.vscode-server/cli/servers/Stable-eaa41d57266683296de7d118f574d0c2652e1fc4/server/out/vs/workbench/api/node/extensionHostProcess.js:83:807)
	at n.fire (/home/nvidia/.vscode-server/cli/servers/Stable-eaa41d57266683296de7d118f574d0c2652e1fc4/server/out/vs/workbench/api/node/extensionHostProcess.js:83:1023)
	at Object.p [as dispose] (/home/nvidia/.vscode-server/cli/servers/Stable-eaa41d57266683296de7d118f574d0c2652e1fc4/server/extensions/git/dist/main.js:2:972220)
	at /home/nvidia/.vscode-server/cli/servers/Stable-eaa41d57266683296de7d118f574d0c2652e1fc4/server/extensions/git/dist/main.js:2:978342
	at Array.forEach (<anonymous>)
	at f.dispose (/home/nvidia/.vscode-server/cli/servers/Stable-eaa41d57266683296de7d118f574d0c2652e1fc4/server/extensions/git/dist/main.js:2:978328)
	at a.<anonymous> (/home/nvidia/.vscode-server/cli/servers/Stable-eaa41d57266683296de7d118f574d0c2652e1fc4/server/out/vs/workbench/api/node/extensionHostProcess.js:152:4173)
	at a.dispose (/home/nvidia/.vscode-server/cli/servers/Stable-eaa41d57266683296de7d118f574d0c2652e1fc4/server/out/vs/workbench/api/node/extensionHostProcess.js:152:4270)
	at a.<anonymous> (/home/nvidia/.vscode-server/cli/servers/Stable-eaa41d57266683296de7d118f574d0c2652e1fc4/server/extensions/git/dist/main.js:2:953940)
	at a.dispose (/home/nvidia/.vscode-server/cli/servers/Stable-eaa41d57266683296de7d118f574d0c2652e1fc4/server/out/vs/workbench/api/node/extensionHostProcess.js:152:4270)
	at $ (/home/nvidia/.vscode-server/cli/servers/Stable-eaa41d57266683296de7d118f574d0c2652e1fc4/server/out/vs/workbench/api/node/extensionHostProcess.js:30:744)
	at /home/nvidia/.vscode-server/cli/servers/Stable-eaa41d57266683296de7d118f574d0c2652e1fc4/server/out/vs/workbench/api/node/extensionHostProcess.js:160:13379
	at /home/nvidia/.vscode-server/cli/servers/Stable-eaa41d57266683296de7d118f574d0c2652e1fc4/server/out/vs/workbench/api/node/extensionHostProcess.js:30:1112
	at Object.dispose (/home/nvidia/.vscode-server/cli/servers/Stable-eaa41d57266683296de7d118f574d0c2652e1fc4/server/out/vs/workbench/api/node/extensionHostProcess.js:11:11354)
	at m.eb (/home/nvidia/.vscode-server/cli/servers/Stable-eaa41d57266683296de7d118f574d0c2652e1fc4/server/out/vs/workbench/api/node/extensionHostProcess.js:160:10056)
	at /home/nvidia/.vscode-server/cli/servers/Stable-eaa41d57266683296de7d118f574d0c2652e1fc4/server/out/vs/workbench/api/node/extensionHostProcess.js:160:7927
	at Array.map (<anonymous>)
	at m.$ (/home/nvidia/.vscode-server/cli/servers/Stable-eaa41d57266683296de7d118f574d0c2652e1fc4/server/out/vs/workbench/api/node/extensionHostProcess.js:160:7914)
	at m.terminate (/home/nvidia/.vscode-server/cli/servers/Stable-eaa41d57266683296de7d118f574d0c2652e1fc4/server/out/vs/workbench/api/node/extensionHostProcess.js:160:8187)
	at $.terminate (/home/nvidia/.vscode-server/cli/servers/Stable-eaa41d57266683296de7d118f574d0c2652e1fc4/server/out/vs/workbench/api/node/extensionHostProcess.js:164:1513)
	at o (/home/nvidia/.vscode-server/cli/servers/Stable-eaa41d57266683296de7d118f574d0c2652e1fc4/server/out/vs/workbench/api/node/extensionHostProcess.js:177:10633)
	at j.a (/home/nvidia/.vscode-server/cli/servers/Stable-eaa41d57266683296de7d118f574d0c2652e1fc4/server/out/vs/workbench/api/node/extensionHostProcess.js:177:7238)
	at j.h (/home/nvidia/.vscode-server/cli/servers/Stable-eaa41d57266683296de7d118f574d0c2652e1fc4/server/out/vs/workbench/api/node/extensionHostProcess.js:87:21483)
	at listOnTimeout (node:internal/timers:573:17)
	at process.processTimers (node:internal/timers:514:7) setContext undefined
2024-08-09 17:44:47.762 [error] Canceled: Canceled
	at new C (/home/nvidia/.vscode-server/cli/servers/Stable-eaa41d57266683296de7d118f574d0c2652e1fc4/server/out/vs/workbench/api/node/extensionHostProcess.js:144:35204)
	at y.U (/home/nvidia/.vscode-server/cli/servers/Stable-eaa41d57266683296de7d118f574d0c2652e1fc4/server/out/vs/workbench/api/node/extensionHostProcess.js:151:6017)
	at z.<computed>.j.charCodeAt.R.CharCode.DollarSign.z.<computed> (/home/nvidia/.vscode-server/cli/servers/Stable-eaa41d57266683296de7d118f574d0c2652e1fc4/server/out/vs/workbench/api/node/extensionHostProcess.js:151:3107)
	at d.g (/home/nvidia/.vscode-server/cli/servers/Stable-eaa41d57266683296de7d118f574d0c2652e1fc4/server/out/vs/workbench/api/node/extensionHostProcess.js:154:205942)
	at d.executeCommand (/home/nvidia/.vscode-server/cli/servers/Stable-eaa41d57266683296de7d118f574d0c2652e1fc4/server/out/vs/workbench/api/node/extensionHostProcess.js:154:205380)
	at A.registerCommand.description (/home/nvidia/.vscode-server/cli/servers/Stable-eaa41d57266683296de7d118f574d0c2652e1fc4/server/out/vs/workbench/api/node/extensionHostProcess.js:154:204704)
	at d.h (/home/nvidia/.vscode-server/cli/servers/Stable-eaa41d57266683296de7d118f574d0c2652e1fc4/server/out/vs/workbench/api/node/extensionHostProcess.js:154:206481)
	at d.g (/home/nvidia/.vscode-server/cli/servers/Stable-eaa41d57266683296de7d118f574d0c2652e1fc4/server/out/vs/workbench/api/node/extensionHostProcess.js:154:205473)
	at d.executeCommand (/home/nvidia/.vscode-server/cli/servers/Stable-eaa41d57266683296de7d118f574d0c2652e1fc4/server/out/vs/workbench/api/node/extensionHostProcess.js:154:205380)
	at Object.executeCommand (/home/nvidia/.vscode-server/cli/servers/Stable-eaa41d57266683296de7d118f574d0c2652e1fc4/server/out/vs/workbench/api/node/extensionHostProcess.js:164:23060)
	at i.O [as value] (/home/nvidia/.vscode-server/cli/servers/Stable-eaa41d57266683296de7d118f574d0c2652e1fc4/server/extensions/git/dist/main.js:2:951642)
	at n.B (/home/nvidia/.vscode-server/cli/servers/Stable-eaa41d57266683296de7d118f574d0c2652e1fc4/server/out/vs/workbench/api/node/extensionHostProcess.js:83:737)
	at n.C (/home/nvidia/.vscode-server/cli/servers/Stable-eaa41d57266683296de7d118f574d0c2652e1fc4/server/out/vs/workbench/api/node/extensionHostProcess.js:83:807)
	at n.fire (/home/nvidia/.vscode-server/cli/servers/Stable-eaa41d57266683296de7d118f574d0c2652e1fc4/server/out/vs/workbench/api/node/extensionHostProcess.js:83:1023)
	at Object.p [as dispose] (/home/nvidia/.vscode-server/cli/servers/Stable-eaa41d57266683296de7d118f574d0c2652e1fc4/server/extensions/git/dist/main.js:2:972220)
	at /home/nvidia/.vscode-server/cli/servers/Stable-eaa41d57266683296de7d118f574d0c2652e1fc4/server/extensions/git/dist/main.js:2:978342
	at Array.forEach (<anonymous>)
	at f.dispose (/home/nvidia/.vscode-server/cli/servers/Stable-eaa41d57266683296de7d118f574d0c2652e1fc4/server/extensions/git/dist/main.js:2:978328)
	at a.<anonymous> (/home/nvidia/.vscode-server/cli/servers/Stable-eaa41d57266683296de7d118f574d0c2652e1fc4/server/out/vs/workbench/api/node/extensionHostProcess.js:152:4173)
	at a.dispose (/home/nvidia/.vscode-server/cli/servers/Stable-eaa41d57266683296de7d118f574d0c2652e1fc4/server/out/vs/workbench/api/node/extensionHostProcess.js:152:4270)
	at a.<anonymous> (/home/nvidia/.vscode-server/cli/servers/Stable-eaa41d57266683296de7d118f574d0c2652e1fc4/server/extensions/git/dist/main.js:2:953940)
	at a.dispose (/home/nvidia/.vscode-server/cli/servers/Stable-eaa41d57266683296de7d118f574d0c2652e1fc4/server/out/vs/workbench/api/node/extensionHostProcess.js:152:4270)
	at $ (/home/nvidia/.vscode-server/cli/servers/Stable-eaa41d57266683296de7d118f574d0c2652e1fc4/server/out/vs/workbench/api/node/extensionHostProcess.js:30:744)
	at /home/nvidia/.vscode-server/cli/servers/Stable-eaa41d57266683296de7d118f574d0c2652e1fc4/server/out/vs/workbench/api/node/extensionHostProcess.js:160:13379
	at /home/nvidia/.vscode-server/cli/servers/Stable-eaa41d57266683296de7d118f574d0c2652e1fc4/server/out/vs/workbench/api/node/extensionHostProcess.js:30:1112
	at Object.dispose (/home/nvidia/.vscode-server/cli/servers/Stable-eaa41d57266683296de7d118f574d0c2652e1fc4/server/out/vs/workbench/api/node/extensionHostProcess.js:11:11354)
	at m.eb (/home/nvidia/.vscode-server/cli/servers/Stable-eaa41d57266683296de7d118f574d0c2652e1fc4/server/out/vs/workbench/api/node/extensionHostProcess.js:160:10056)
	at /home/nvidia/.vscode-server/cli/servers/Stable-eaa41d57266683296de7d118f574d0c2652e1fc4/server/out/vs/workbench/api/node/extensionHostProcess.js:160:7927
	at Array.map (<anonymous>)
	at m.$ (/home/nvidia/.vscode-server/cli/servers/Stable-eaa41d57266683296de7d118f574d0c2652e1fc4/server/out/vs/workbench/api/node/extensionHostProcess.js:160:7914)
	at m.terminate (/home/nvidia/.vscode-server/cli/servers/Stable-eaa41d57266683296de7d118f574d0c2652e1fc4/server/out/vs/workbench/api/node/extensionHostProcess.js:160:8187)
	at $.terminate (/home/nvidia/.vscode-server/cli/servers/Stable-eaa41d57266683296de7d118f574d0c2652e1fc4/server/out/vs/workbench/api/node/extensionHostProcess.js:164:1513)
	at o (/home/nvidia/.vscode-server/cli/servers/Stable-eaa41d57266683296de7d118f574d0c2652e1fc4/server/out/vs/workbench/api/node/extensionHostProcess.js:177:10633)
	at j.a (/home/nvidia/.vscode-server/cli/servers/Stable-eaa41d57266683296de7d118f574d0c2652e1fc4/server/out/vs/workbench/api/node/extensionHostProcess.js:177:7238)
	at j.h (/home/nvidia/.vscode-server/cli/servers/Stable-eaa41d57266683296de7d118f574d0c2652e1fc4/server/out/vs/workbench/api/node/extensionHostProcess.js:87:21483)
	at listOnTimeout (node:internal/timers:573:17)
	at process.processTimers (node:internal/timers:514:7) setContext undefined
2024-08-09 17:44:47.762 [error] Canceled: Canceled
	at new C (/home/nvidia/.vscode-server/cli/servers/Stable-eaa41d57266683296de7d118f574d0c2652e1fc4/server/out/vs/workbench/api/node/extensionHostProcess.js:144:35204)
	at y.U (/home/nvidia/.vscode-server/cli/servers/Stable-eaa41d57266683296de7d118f574d0c2652e1fc4/server/out/vs/workbench/api/node/extensionHostProcess.js:151:6017)
	at z.<computed>.j.charCodeAt.R.CharCode.DollarSign.z.<computed> (/home/nvidia/.vscode-server/cli/servers/Stable-eaa41d57266683296de7d118f574d0c2652e1fc4/server/out/vs/workbench/api/node/extensionHostProcess.js:151:3107)
	at d.g (/home/nvidia/.vscode-server/cli/servers/Stable-eaa41d57266683296de7d118f574d0c2652e1fc4/server/out/vs/workbench/api/node/extensionHostProcess.js:154:205942)
	at d.executeCommand (/home/nvidia/.vscode-server/cli/servers/Stable-eaa41d57266683296de7d118f574d0c2652e1fc4/server/out/vs/workbench/api/node/extensionHostProcess.js:154:205380)
	at A.registerCommand.description (/home/nvidia/.vscode-server/cli/servers/Stable-eaa41d57266683296de7d118f574d0c2652e1fc4/server/out/vs/workbench/api/node/extensionHostProcess.js:154:204704)
	at d.h (/home/nvidia/.vscode-server/cli/servers/Stable-eaa41d57266683296de7d118f574d0c2652e1fc4/server/out/vs/workbench/api/node/extensionHostProcess.js:154:206481)
	at d.g (/home/nvidia/.vscode-server/cli/servers/Stable-eaa41d57266683296de7d118f574d0c2652e1fc4/server/out/vs/workbench/api/node/extensionHostProcess.js:154:205473)
	at d.executeCommand (/home/nvidia/.vscode-server/cli/servers/Stable-eaa41d57266683296de7d118f574d0c2652e1fc4/server/out/vs/workbench/api/node/extensionHostProcess.js:154:205380)
	at Object.executeCommand (/home/nvidia/.vscode-server/cli/servers/Stable-eaa41d57266683296de7d118f574d0c2652e1fc4/server/out/vs/workbench/api/node/extensionHostProcess.js:164:23060)
	at i.O [as value] (/home/nvidia/.vscode-server/cli/servers/Stable-eaa41d57266683296de7d118f574d0c2652e1fc4/server/extensions/git/dist/main.js:2:951642)
	at n.B (/home/nvidia/.vscode-server/cli/servers/Stable-eaa41d57266683296de7d118f574d0c2652e1fc4/server/out/vs/workbench/api/node/extensionHostProcess.js:83:737)
	at n.C (/home/nvidia/.vscode-server/cli/servers/Stable-eaa41d57266683296de7d118f574d0c2652e1fc4/server/out/vs/workbench/api/node/extensionHostProcess.js:83:807)
	at n.fire (/home/nvidia/.vscode-server/cli/servers/Stable-eaa41d57266683296de7d118f574d0c2652e1fc4/server/out/vs/workbench/api/node/extensionHostProcess.js:83:1023)
	at Object.p [as dispose] (/home/nvidia/.vscode-server/cli/servers/Stable-eaa41d57266683296de7d118f574d0c2652e1fc4/server/extensions/git/dist/main.js:2:972220)
	at /home/nvidia/.vscode-server/cli/servers/Stable-eaa41d57266683296de7d118f574d0c2652e1fc4/server/extensions/git/dist/main.js:2:978342
	at Array.forEach (<anonymous>)
	at f.dispose (/home/nvidia/.vscode-server/cli/servers/Stable-eaa41d57266683296de7d118f574d0c2652e1fc4/server/extensions/git/dist/main.js:2:978328)
	at a.<anonymous> (/home/nvidia/.vscode-server/cli/servers/Stable-eaa41d57266683296de7d118f574d0c2652e1fc4/server/out/vs/workbench/api/node/extensionHostProcess.js:152:4173)
	at a.dispose (/home/nvidia/.vscode-server/cli/servers/Stable-eaa41d57266683296de7d118f574d0c2652e1fc4/server/out/vs/workbench/api/node/extensionHostProcess.js:152:4270)
	at a.<anonymous> (/home/nvidia/.vscode-server/cli/servers/Stable-eaa41d57266683296de7d118f574d0c2652e1fc4/server/extensions/git/dist/main.js:2:953940)
	at a.dispose (/home/nvidia/.vscode-server/cli/servers/Stable-eaa41d57266683296de7d118f574d0c2652e1fc4/server/out/vs/workbench/api/node/extensionHostProcess.js:152:4270)
	at $ (/home/nvidia/.vscode-server/cli/servers/Stable-eaa41d57266683296de7d118f574d0c2652e1fc4/server/out/vs/workbench/api/node/extensionHostProcess.js:30:744)
	at /home/nvidia/.vscode-server/cli/servers/Stable-eaa41d57266683296de7d118f574d0c2652e1fc4/server/out/vs/workbench/api/node/extensionHostProcess.js:160:13379
	at /home/nvidia/.vscode-server/cli/servers/Stable-eaa41d57266683296de7d118f574d0c2652e1fc4/server/out/vs/workbench/api/node/extensionHostProcess.js:30:1112
	at Object.dispose (/home/nvidia/.vscode-server/cli/servers/Stable-eaa41d57266683296de7d118f574d0c2652e1fc4/server/out/vs/workbench/api/node/extensionHostProcess.js:11:11354)
	at m.eb (/home/nvidia/.vscode-server/cli/servers/Stable-eaa41d57266683296de7d118f574d0c2652e1fc4/server/out/vs/workbench/api/node/extensionHostProcess.js:160:10056)
	at /home/nvidia/.vscode-server/cli/servers/Stable-eaa41d57266683296de7d118f574d0c2652e1fc4/server/out/vs/workbench/api/node/extensionHostProcess.js:160:7927
	at Array.map (<anonymous>)
	at m.$ (/home/nvidia/.vscode-server/cli/servers/Stable-eaa41d57266683296de7d118f574d0c2652e1fc4/server/out/vs/workbench/api/node/extensionHostProcess.js:160:7914)
	at m.terminate (/home/nvidia/.vscode-server/cli/servers/Stable-eaa41d57266683296de7d118f574d0c2652e1fc4/server/out/vs/workbench/api/node/extensionHostProcess.js:160:8187)
	at $.terminate (/home/nvidia/.vscode-server/cli/servers/Stable-eaa41d57266683296de7d118f574d0c2652e1fc4/server/out/vs/workbench/api/node/extensionHostProcess.js:164:1513)
	at o (/home/nvidia/.vscode-server/cli/servers/Stable-eaa41d57266683296de7d118f574d0c2652e1fc4/server/out/vs/workbench/api/node/extensionHostProcess.js:177:10633)
	at j.a (/home/nvidia/.vscode-server/cli/servers/Stable-eaa41d57266683296de7d118f574d0c2652e1fc4/server/out/vs/workbench/api/node/extensionHostProcess.js:177:7238)
	at j.h (/home/nvidia/.vscode-server/cli/servers/Stable-eaa41d57266683296de7d118f574d0c2652e1fc4/server/out/vs/workbench/api/node/extensionHostProcess.js:87:21483)
	at listOnTimeout (node:internal/timers:573:17)
	at process.processTimers (node:internal/timers:514:7) setContext undefined
2024-08-09 17:44:47.763 [error] Canceled: Canceled
	at new C (/home/nvidia/.vscode-server/cli/servers/Stable-eaa41d57266683296de7d118f574d0c2652e1fc4/server/out/vs/workbench/api/node/extensionHostProcess.js:144:35204)
	at y.U (/home/nvidia/.vscode-server/cli/servers/Stable-eaa41d57266683296de7d118f574d0c2652e1fc4/server/out/vs/workbench/api/node/extensionHostProcess.js:151:6017)
	at z.<computed>.j.charCodeAt.R.CharCode.DollarSign.z.<computed> (/home/nvidia/.vscode-server/cli/servers/Stable-eaa41d57266683296de7d118f574d0c2652e1fc4/server/out/vs/workbench/api/node/extensionHostProcess.js:151:3107)
	at d.g (/home/nvidia/.vscode-server/cli/servers/Stable-eaa41d57266683296de7d118f574d0c2652e1fc4/server/out/vs/workbench/api/node/extensionHostProcess.js:154:205942)
	at d.executeCommand (/home/nvidia/.vscode-server/cli/servers/Stable-eaa41d57266683296de7d118f574d0c2652e1fc4/server/out/vs/workbench/api/node/extensionHostProcess.js:154:205380)
	at A.registerCommand.description (/home/nvidia/.vscode-server/cli/servers/Stable-eaa41d57266683296de7d118f574d0c2652e1fc4/server/out/vs/workbench/api/node/extensionHostProcess.js:154:204704)
	at d.h (/home/nvidia/.vscode-server/cli/servers/Stable-eaa41d57266683296de7d118f574d0c2652e1fc4/server/out/vs/workbench/api/node/extensionHostProcess.js:154:206481)
	at d.g (/home/nvidia/.vscode-server/cli/servers/Stable-eaa41d57266683296de7d118f574d0c2652e1fc4/server/out/vs/workbench/api/node/extensionHostProcess.js:154:205473)
	at d.executeCommand (/home/nvidia/.vscode-server/cli/servers/Stable-eaa41d57266683296de7d118f574d0c2652e1fc4/server/out/vs/workbench/api/node/extensionHostProcess.js:154:205380)
	at Object.executeCommand (/home/nvidia/.vscode-server/cli/servers/Stable-eaa41d57266683296de7d118f574d0c2652e1fc4/server/out/vs/workbench/api/node/extensionHostProcess.js:164:23060)
	at i.O [as value] (/home/nvidia/.vscode-server/cli/servers/Stable-eaa41d57266683296de7d118f574d0c2652e1fc4/server/extensions/git/dist/main.js:2:951642)
	at n.B (/home/nvidia/.vscode-server/cli/servers/Stable-eaa41d57266683296de7d118f574d0c2652e1fc4/server/out/vs/workbench/api/node/extensionHostProcess.js:83:737)
	at n.C (/home/nvidia/.vscode-server/cli/servers/Stable-eaa41d57266683296de7d118f574d0c2652e1fc4/server/out/vs/workbench/api/node/extensionHostProcess.js:83:807)
	at n.fire (/home/nvidia/.vscode-server/cli/servers/Stable-eaa41d57266683296de7d118f574d0c2652e1fc4/server/out/vs/workbench/api/node/extensionHostProcess.js:83:1023)
	at Object.p [as dispose] (/home/nvidia/.vscode-server/cli/servers/Stable-eaa41d57266683296de7d118f574d0c2652e1fc4/server/extensions/git/dist/main.js:2:972220)
	at /home/nvidia/.vscode-server/cli/servers/Stable-eaa41d57266683296de7d118f574d0c2652e1fc4/server/extensions/git/dist/main.js:2:978342
	at Array.forEach (<anonymous>)
	at f.dispose (/home/nvidia/.vscode-server/cli/servers/Stable-eaa41d57266683296de7d118f574d0c2652e1fc4/server/extensions/git/dist/main.js:2:978328)
	at a.<anonymous> (/home/nvidia/.vscode-server/cli/servers/Stable-eaa41d57266683296de7d118f574d0c2652e1fc4/server/out/vs/workbench/api/node/extensionHostProcess.js:152:4173)
	at a.dispose (/home/nvidia/.vscode-server/cli/servers/Stable-eaa41d57266683296de7d118f574d0c2652e1fc4/server/out/vs/workbench/api/node/extensionHostProcess.js:152:4270)
	at a.<anonymous> (/home/nvidia/.vscode-server/cli/servers/Stable-eaa41d57266683296de7d118f574d0c2652e1fc4/server/extensions/git/dist/main.js:2:953940)
	at a.dispose (/home/nvidia/.vscode-server/cli/servers/Stable-eaa41d57266683296de7d118f574d0c2652e1fc4/server/out/vs/workbench/api/node/extensionHostProcess.js:152:4270)
	at $ (/home/nvidia/.vscode-server/cli/servers/Stable-eaa41d57266683296de7d118f574d0c2652e1fc4/server/out/vs/workbench/api/node/extensionHostProcess.js:30:744)
	at /home/nvidia/.vscode-server/cli/servers/Stable-eaa41d57266683296de7d118f574d0c2652e1fc4/server/out/vs/workbench/api/node/extensionHostProcess.js:160:13379
	at /home/nvidia/.vscode-server/cli/servers/Stable-eaa41d57266683296de7d118f574d0c2652e1fc4/server/out/vs/workbench/api/node/extensionHostProcess.js:30:1112
	at Object.dispose (/home/nvidia/.vscode-server/cli/servers/Stable-eaa41d57266683296de7d118f574d0c2652e1fc4/server/out/vs/workbench/api/node/extensionHostProcess.js:11:11354)
	at m.eb (/home/nvidia/.vscode-server/cli/servers/Stable-eaa41d57266683296de7d118f574d0c2652e1fc4/server/out/vs/workbench/api/node/extensionHostProcess.js:160:10056)
	at /home/nvidia/.vscode-server/cli/servers/Stable-eaa41d57266683296de7d118f574d0c2652e1fc4/server/out/vs/workbench/api/node/extensionHostProcess.js:160:7927
	at Array.map (<anonymous>)
	at m.$ (/home/nvidia/.vscode-server/cli/servers/Stable-eaa41d57266683296de7d118f574d0c2652e1fc4/server/out/vs/workbench/api/node/extensionHostProcess.js:160:7914)
	at m.terminate (/home/nvidia/.vscode-server/cli/servers/Stable-eaa41d57266683296de7d118f574d0c2652e1fc4/server/out/vs/workbench/api/node/extensionHostProcess.js:160:8187)
	at $.terminate (/home/nvidia/.vscode-server/cli/servers/Stable-eaa41d57266683296de7d118f574d0c2652e1fc4/server/out/vs/workbench/api/node/extensionHostProcess.js:164:1513)
	at o (/home/nvidia/.vscode-server/cli/servers/Stable-eaa41d57266683296de7d118f574d0c2652e1fc4/server/out/vs/workbench/api/node/extensionHostProcess.js:177:10633)
	at j.a (/home/nvidia/.vscode-server/cli/servers/Stable-eaa41d57266683296de7d118f574d0c2652e1fc4/server/out/vs/workbench/api/node/extensionHostProcess.js:177:7238)
	at j.h (/home/nvidia/.vscode-server/cli/servers/Stable-eaa41d57266683296de7d118f574d0c2652e1fc4/server/out/vs/workbench/api/node/extensionHostProcess.js:87:21483)
	at listOnTimeout (node:internal/timers:573:17)
	at process.processTimers (node:internal/timers:514:7) setContext undefined
2024-08-09 17:44:47.764 [error] Canceled: Canceled
	at new C (/home/nvidia/.vscode-server/cli/servers/Stable-eaa41d57266683296de7d118f574d0c2652e1fc4/server/out/vs/workbench/api/node/extensionHostProcess.js:144:35204)
	at y.U (/home/nvidia/.vscode-server/cli/servers/Stable-eaa41d57266683296de7d118f574d0c2652e1fc4/server/out/vs/workbench/api/node/extensionHostProcess.js:151:6017)
	at z.<computed>.j.charCodeAt.R.CharCode.DollarSign.z.<computed> (/home/nvidia/.vscode-server/cli/servers/Stable-eaa41d57266683296de7d118f574d0c2652e1fc4/server/out/vs/workbench/api/node/extensionHostProcess.js:151:3107)
	at d.g (/home/nvidia/.vscode-server/cli/servers/Stable-eaa41d57266683296de7d118f574d0c2652e1fc4/server/out/vs/workbench/api/node/extensionHostProcess.js:154:205942)
	at d.executeCommand (/home/nvidia/.vscode-server/cli/servers/Stable-eaa41d57266683296de7d118f574d0c2652e1fc4/server/out/vs/workbench/api/node/extensionHostProcess.js:154:205380)
	at A.registerCommand.description (/home/nvidia/.vscode-server/cli/servers/Stable-eaa41d57266683296de7d118f574d0c2652e1fc4/server/out/vs/workbench/api/node/extensionHostProcess.js:154:204704)
	at d.h (/home/nvidia/.vscode-server/cli/servers/Stable-eaa41d57266683296de7d118f574d0c2652e1fc4/server/out/vs/workbench/api/node/extensionHostProcess.js:154:206481)
	at d.g (/home/nvidia/.vscode-server/cli/servers/Stable-eaa41d57266683296de7d118f574d0c2652e1fc4/server/out/vs/workbench/api/node/extensionHostProcess.js:154:205473)
	at d.executeCommand (/home/nvidia/.vscode-server/cli/servers/Stable-eaa41d57266683296de7d118f574d0c2652e1fc4/server/out/vs/workbench/api/node/extensionHostProcess.js:154:205380)
	at Object.executeCommand (/home/nvidia/.vscode-server/cli/servers/Stable-eaa41d57266683296de7d118f574d0c2652e1fc4/server/out/vs/workbench/api/node/extensionHostProcess.js:164:23060)
	at i.O [as value] (/home/nvidia/.vscode-server/cli/servers/Stable-eaa41d57266683296de7d118f574d0c2652e1fc4/server/extensions/git/dist/main.js:2:951642)
	at n.B (/home/nvidia/.vscode-server/cli/servers/Stable-eaa41d57266683296de7d118f574d0c2652e1fc4/server/out/vs/workbench/api/node/extensionHostProcess.js:83:737)
	at n.C (/home/nvidia/.vscode-server/cli/servers/Stable-eaa41d57266683296de7d118f574d0c2652e1fc4/server/out/vs/workbench/api/node/extensionHostProcess.js:83:807)
	at n.fire (/home/nvidia/.vscode-server/cli/servers/Stable-eaa41d57266683296de7d118f574d0c2652e1fc4/server/out/vs/workbench/api/node/extensionHostProcess.js:83:1023)
	at Object.p [as dispose] (/home/nvidia/.vscode-server/cli/servers/Stable-eaa41d57266683296de7d118f574d0c2652e1fc4/server/extensions/git/dist/main.js:2:972220)
	at /home/nvidia/.vscode-server/cli/servers/Stable-eaa41d57266683296de7d118f574d0c2652e1fc4/server/extensions/git/dist/main.js:2:978342
	at Array.forEach (<anonymous>)
	at f.dispose (/home/nvidia/.vscode-server/cli/servers/Stable-eaa41d57266683296de7d118f574d0c2652e1fc4/server/extensions/git/dist/main.js:2:978328)
	at a.<anonymous> (/home/nvidia/.vscode-server/cli/servers/Stable-eaa41d57266683296de7d118f574d0c2652e1fc4/server/out/vs/workbench/api/node/extensionHostProcess.js:152:4173)
	at a.dispose (/home/nvidia/.vscode-server/cli/servers/Stable-eaa41d57266683296de7d118f574d0c2652e1fc4/server/out/vs/workbench/api/node/extensionHostProcess.js:152:4270)
	at a.<anonymous> (/home/nvidia/.vscode-server/cli/servers/Stable-eaa41d57266683296de7d118f574d0c2652e1fc4/server/extensions/git/dist/main.js:2:953940)
	at a.dispose (/home/nvidia/.vscode-server/cli/servers/Stable-eaa41d57266683296de7d118f574d0c2652e1fc4/server/out/vs/workbench/api/node/extensionHostProcess.js:152:4270)
	at $ (/home/nvidia/.vscode-server/cli/servers/Stable-eaa41d57266683296de7d118f574d0c2652e1fc4/server/out/vs/workbench/api/node/extensionHostProcess.js:30:744)
	at /home/nvidia/.vscode-server/cli/servers/Stable-eaa41d57266683296de7d118f574d0c2652e1fc4/server/out/vs/workbench/api/node/extensionHostProcess.js:160:13379
	at /home/nvidia/.vscode-server/cli/servers/Stable-eaa41d57266683296de7d118f574d0c2652e1fc4/server/out/vs/workbench/api/node/extensionHostProcess.js:30:1112
	at Object.dispose (/home/nvidia/.vscode-server/cli/servers/Stable-eaa41d57266683296de7d118f574d0c2652e1fc4/server/out/vs/workbench/api/node/extensionHostProcess.js:11:11354)
	at m.eb (/home/nvidia/.vscode-server/cli/servers/Stable-eaa41d57266683296de7d118f574d0c2652e1fc4/server/out/vs/workbench/api/node/extensionHostProcess.js:160:10056)
	at /home/nvidia/.vscode-server/cli/servers/Stable-eaa41d57266683296de7d118f574d0c2652e1fc4/server/out/vs/workbench/api/node/extensionHostProcess.js:160:7927
	at Array.map (<anonymous>)
	at m.$ (/home/nvidia/.vscode-server/cli/servers/Stable-eaa41d57266683296de7d118f574d0c2652e1fc4/server/out/vs/workbench/api/node/extensionHostProcess.js:160:7914)
	at m.terminate (/home/nvidia/.vscode-server/cli/servers/Stable-eaa41d57266683296de7d118f574d0c2652e1fc4/server/out/vs/workbench/api/node/extensionHostProcess.js:160:8187)
	at $.terminate (/home/nvidia/.vscode-server/cli/servers/Stable-eaa41d57266683296de7d118f574d0c2652e1fc4/server/out/vs/workbench/api/node/extensionHostProcess.js:164:1513)
	at o (/home/nvidia/.vscode-server/cli/servers/Stable-eaa41d57266683296de7d118f574d0c2652e1fc4/server/out/vs/workbench/api/node/extensionHostProcess.js:177:10633)
	at j.a (/home/nvidia/.vscode-server/cli/servers/Stable-eaa41d57266683296de7d118f574d0c2652e1fc4/server/out/vs/workbench/api/node/extensionHostProcess.js:177:7238)
	at j.h (/home/nvidia/.vscode-server/cli/servers/Stable-eaa41d57266683296de7d118f574d0c2652e1fc4/server/out/vs/workbench/api/node/extensionHostProcess.js:87:21483)
	at listOnTimeout (node:internal/timers:573:17)
	at process.processTimers (node:internal/timers:514:7) setContext undefined
2024-08-09 17:44:47.767 [error] Canceled: Canceled
	at new C (/home/nvidia/.vscode-server/cli/servers/Stable-eaa41d57266683296de7d118f574d0c2652e1fc4/server/out/vs/workbench/api/node/extensionHostProcess.js:144:35204)
	at y.U (/home/nvidia/.vscode-server/cli/servers/Stable-eaa41d57266683296de7d118f574d0c2652e1fc4/server/out/vs/workbench/api/node/extensionHostProcess.js:151:6017)
	at z.<computed>.j.charCodeAt.R.CharCode.DollarSign.z.<computed> (/home/nvidia/.vscode-server/cli/servers/Stable-eaa41d57266683296de7d118f574d0c2652e1fc4/server/out/vs/workbench/api/node/extensionHostProcess.js:151:3107)
	at d.g (/home/nvidia/.vscode-server/cli/servers/Stable-eaa41d57266683296de7d118f574d0c2652e1fc4/server/out/vs/workbench/api/node/extensionHostProcess.js:154:205942)
	at d.executeCommand (/home/nvidia/.vscode-server/cli/servers/Stable-eaa41d57266683296de7d118f574d0c2652e1fc4/server/out/vs/workbench/api/node/extensionHostProcess.js:154:205380)
	at A.registerCommand.description (/home/nvidia/.vscode-server/cli/servers/Stable-eaa41d57266683296de7d118f574d0c2652e1fc4/server/out/vs/workbench/api/node/extensionHostProcess.js:154:204704)
	at d.h (/home/nvidia/.vscode-server/cli/servers/Stable-eaa41d57266683296de7d118f574d0c2652e1fc4/server/out/vs/workbench/api/node/extensionHostProcess.js:154:206481)
	at d.g (/home/nvidia/.vscode-server/cli/servers/Stable-eaa41d57266683296de7d118f574d0c2652e1fc4/server/out/vs/workbench/api/node/extensionHostProcess.js:154:205473)
	at d.executeCommand (/home/nvidia/.vscode-server/cli/servers/Stable-eaa41d57266683296de7d118f574d0c2652e1fc4/server/out/vs/workbench/api/node/extensionHostProcess.js:154:205380)
	at Object.executeCommand (/home/nvidia/.vscode-server/cli/servers/Stable-eaa41d57266683296de7d118f574d0c2652e1fc4/server/out/vs/workbench/api/node/extensionHostProcess.js:164:23060)
	at set hasGitHubRepositories [as hasGitHubRepositories] (/home/nvidia/.vscode-server/cli/servers/Stable-eaa41d57266683296de7d118f574d0c2652e1fc4/server/extensions/github/dist/extension.js:2:322969)
	at /home/nvidia/.vscode-server/cli/servers/Stable-eaa41d57266683296de7d118f574d0c2652e1fc4/server/extensions/github/dist/extension.js:2:323928
	at i.value (/home/nvidia/.vscode-server/cli/servers/Stable-eaa41d57266683296de7d118f574d0c2652e1fc4/server/extensions/git/dist/main.js:2:1060193)
	at n.B (/home/nvidia/.vscode-server/cli/servers/Stable-eaa41d57266683296de7d118f574d0c2652e1fc4/server/out/vs/workbench/api/node/extensionHostProcess.js:83:737)
	at n.C (/home/nvidia/.vscode-server/cli/servers/Stable-eaa41d57266683296de7d118f574d0c2652e1fc4/server/out/vs/workbench/api/node/extensionHostProcess.js:83:807)
	at n.fire (/home/nvidia/.vscode-server/cli/servers/Stable-eaa41d57266683296de7d118f574d0c2652e1fc4/server/out/vs/workbench/api/node/extensionHostProcess.js:83:1023)
	at Object.p [as dispose] (/home/nvidia/.vscode-server/cli/servers/Stable-eaa41d57266683296de7d118f574d0c2652e1fc4/server/extensions/git/dist/main.js:2:972220)
	at /home/nvidia/.vscode-server/cli/servers/Stable-eaa41d57266683296de7d118f574d0c2652e1fc4/server/extensions/git/dist/main.js:2:978342
	at Array.forEach (<anonymous>)
	at f.dispose (/home/nvidia/.vscode-server/cli/servers/Stable-eaa41d57266683296de7d118f574d0c2652e1fc4/server/extensions/git/dist/main.js:2:978328)
	at a.<anonymous> (/home/nvidia/.vscode-server/cli/servers/Stable-eaa41d57266683296de7d118f574d0c2652e1fc4/server/out/vs/workbench/api/node/extensionHostProcess.js:152:4173)
	at a.dispose (/home/nvidia/.vscode-server/cli/servers/Stable-eaa41d57266683296de7d118f574d0c2652e1fc4/server/out/vs/workbench/api/node/extensionHostProcess.js:152:4270)
	at a.<anonymous> (/home/nvidia/.vscode-server/cli/servers/Stable-eaa41d57266683296de7d118f574d0c2652e1fc4/server/extensions/git/dist/main.js:2:953940)
	at a.dispose (/home/nvidia/.vscode-server/cli/servers/Stable-eaa41d57266683296de7d118f574d0c2652e1fc4/server/out/vs/workbench/api/node/extensionHostProcess.js:152:4270)
	at $ (/home/nvidia/.vscode-server/cli/servers/Stable-eaa41d57266683296de7d118f574d0c2652e1fc4/server/out/vs/workbench/api/node/extensionHostProcess.js:30:744)
	at /home/nvidia/.vscode-server/cli/servers/Stable-eaa41d57266683296de7d118f574d0c2652e1fc4/server/out/vs/workbench/api/node/extensionHostProcess.js:160:13379
	at /home/nvidia/.vscode-server/cli/servers/Stable-eaa41d57266683296de7d118f574d0c2652e1fc4/server/out/vs/workbench/api/node/extensionHostProcess.js:30:1112
	at Object.dispose (/home/nvidia/.vscode-server/cli/servers/Stable-eaa41d57266683296de7d118f574d0c2652e1fc4/server/out/vs/workbench/api/node/extensionHostProcess.js:11:11354)
	at m.eb (/home/nvidia/.vscode-server/cli/servers/Stable-eaa41d57266683296de7d118f574d0c2652e1fc4/server/out/vs/workbench/api/node/extensionHostProcess.js:160:10056)
	at /home/nvidia/.vscode-server/cli/servers/Stable-eaa41d57266683296de7d118f574d0c2652e1fc4/server/out/vs/workbench/api/node/extensionHostProcess.js:160:7927
	at Array.map (<anonymous>)
	at m.$ (/home/nvidia/.vscode-server/cli/servers/Stable-eaa41d57266683296de7d118f574d0c2652e1fc4/server/out/vs/workbench/api/node/extensionHostProcess.js:160:7914)
	at m.terminate (/home/nvidia/.vscode-server/cli/servers/Stable-eaa41d57266683296de7d118f574d0c2652e1fc4/server/out/vs/workbench/api/node/extensionHostProcess.js:160:8187)
	at $.terminate (/home/nvidia/.vscode-server/cli/servers/Stable-eaa41d57266683296de7d118f574d0c2652e1fc4/server/out/vs/workbench/api/node/extensionHostProcess.js:164:1513)
	at o (/home/nvidia/.vscode-server/cli/servers/Stable-eaa41d57266683296de7d118f574d0c2652e1fc4/server/out/vs/workbench/api/node/extensionHostProcess.js:177:10633)
	at j.a (/home/nvidia/.vscode-server/cli/servers/Stable-eaa41d57266683296de7d118f574d0c2652e1fc4/server/out/vs/workbench/api/node/extensionHostProcess.js:177:7238)
	at j.h (/home/nvidia/.vscode-server/cli/servers/Stable-eaa41d57266683296de7d118f574d0c2652e1fc4/server/out/vs/workbench/api/node/extensionHostProcess.js:87:21483)
	at listOnTimeout (node:internal/timers:573:17)
	at process.processTimers (node:internal/timers:514:7) setContext undefined
2024-08-09 17:44:47.768 [info] Extension host with pid 13202 exiting with code 0
